Flow report for FinalProject
Thu Nov 28 18:48:14 2013
Quartus II 64-Bit Version 11.1 Build 259 01/25/2012 Service Pack 2 SJ Full Version


---------------------
; Table of Contents ;
---------------------
  1. Legal Notice
  2. Flow Summary
  3. Flow Settings
  4. Flow Non-Default Global Settings
  5. Flow Elapsed Time
  6. Flow OS Summary
  7. Flow Log



----------------
; Legal Notice ;
----------------
Copyright (C) 1991-2011 Altera Corporation
Your use of Altera Corporation's design tools, logic functions 
and other software and tools, and its AMPP partner logic 
functions, and any output files from any of the foregoing 
(including device programming or simulation files), and any 
associated documentation or information are expressly subject 
to the terms and conditions of the Altera Program License 
Subscription Agreement, Altera MegaCore Function License 
Agreement, or other applicable license agreement, including, 
without limitation, that your use is for the sole purpose of 
programming logic devices manufactured by Altera and sold by 
Altera or its authorized distributors.  Please refer to the 
applicable agreement for further details.



+-------------------------------------------------------------------------------------+
; Flow Summary                                                                        ;
+------------------------------------+------------------------------------------------+
; Flow Status                        ; Successful - Thu Nov 28 18:47:59 2013          ;
; Quartus II 64-Bit Version          ; 11.1 Build 259 01/25/2012 SP 2 SJ Full Version ;
; Revision Name                      ; FinalProject                                   ;
; Top-level Entity Name              ; FinalProject                                   ;
; Family                             ; Cyclone II                                     ;
; Device                             ; EP2C35F672C6                                   ;
; Timing Models                      ; Final                                          ;
; Total logic elements               ; 1,375 / 33,216 ( 4 % )                         ;
;     Total combinational functions  ; 1,360 / 33,216 ( 4 % )                         ;
;     Dedicated logic registers      ; 418 / 33,216 ( 1 % )                           ;
; Total registers                    ; 418                                            ;
; Total pins                         ; 107 / 475 ( 23 % )                             ;
; Total virtual pins                 ; 0                                              ;
; Total memory bits                  ; 0 / 483,840 ( 0 % )                            ;
; Embedded Multiplier 9-bit elements ; 0 / 70 ( 0 % )                                 ;
; Total PLLs                         ; 1 / 4 ( 25 % )                                 ;
+------------------------------------+------------------------------------------------+


+-----------------------------------------+
; Flow Settings                           ;
+-------------------+---------------------+
; Option            ; Setting             ;
+-------------------+---------------------+
; Start date & time ; 11/28/2013 18:46:58 ;
; Main task         ; Compilation         ;
; Revision Name     ; FinalProject        ;
+-------------------+---------------------+


+---------------------------------------------------------------------------------------------------------------+
; Flow Non-Default Global Settings                                                                              ;
+-------------------------------------+------------------------------+---------------+-------------+------------+
; Assignment Name                     ; Value                        ; Default Value ; Entity Name ; Section Id ;
+-------------------------------------+------------------------------+---------------+-------------+------------+
; COMPILER_SIGNATURE_ID               ; 156980626490.138568241701504 ; --            ; --          ; --         ;
; MAX_CORE_JUNCTION_TEMP              ; 85                           ; --            ; --          ; --         ;
; MIN_CORE_JUNCTION_TEMP              ; 0                            ; --            ; --          ; --         ;
; PARTITION_COLOR                     ; 16764057                     ; --            ; --          ; Top        ;
; PARTITION_FITTER_PRESERVATION_LEVEL ; PLACEMENT_AND_ROUTING        ; --            ; --          ; Top        ;
; PARTITION_NETLIST_TYPE              ; SOURCE                       ; --            ; --          ; Top        ;
+-------------------------------------+------------------------------+---------------+-------------+------------+


+-------------------------------------------------------------------------------------------------------------------------------+
; Flow Elapsed Time                                                                                                             ;
+---------------------------+--------------+-------------------------+---------------------+------------------------------------+
; Module Name               ; Elapsed Time ; Average Processors Used ; Peak Virtual Memory ; Total CPU Time (on all processors) ;
+---------------------------+--------------+-------------------------+---------------------+------------------------------------+
; Analysis & Synthesis      ; 00:00:32     ; 1.0                     ; 399 MB              ; 00:00:24                           ;
; Fitter                    ; 00:00:12     ; 2.3                     ; 567 MB              ; 00:00:14                           ;
; Assembler                 ; 00:00:05     ; 1.0                     ; 417 MB              ; 00:00:03                           ;
; TimeQuest Timing Analyzer ; 00:00:20     ; 1.0                     ; 440 MB              ; 00:00:08                           ;
; Total                     ; 00:01:09     ; --                      ; --                  ; 00:00:49                           ;
+---------------------------+--------------+-------------------------+---------------------+------------------------------------+


+----------------------------------------------------------------------------------------+
; Flow OS Summary                                                                        ;
+---------------------------+------------------+-----------+------------+----------------+
; Module Name               ; Machine Hostname ; OS Name   ; OS Version ; Processor type ;
+---------------------------+------------------+-----------+------------+----------------+
; Analysis & Synthesis      ; BA3165WS20       ; Windows 7 ; 6.1        ; x86_64         ;
; Fitter                    ; BA3165WS20       ; Windows 7 ; 6.1        ; x86_64         ;
; Assembler                 ; BA3165WS20       ; Windows 7 ; 6.1        ; x86_64         ;
; TimeQuest Timing Analyzer ; BA3165WS20       ; Windows 7 ; 6.1        ; x86_64         ;
+---------------------------+------------------+-----------+------------+----------------+


------------
; Flow Log ;
------------
quartus_map --read_settings_files=on --write_settings_files=off FinalProject -c FinalProject
quartus_fit --read_settings_files=off --write_settings_files=off FinalProject -c FinalProject
quartus_asm --read_settings_files=off --write_settings_files=off FinalProject -c FinalProject
quartus_sta FinalProject -c FinalProject



